{"contracts/Raffle.sol":{"l":{"66":3,"67":3,"68":3,"69":3,"70":3,"71":3,"72":3,"73":3,"78":8,"79":1,"81":7,"82":1,"84":6,"86":6,"103":6,"104":6,"105":6,"106":6,"107":6,"115":2,"116":2,"117":0,"123":2,"124":2,"131":2,"138":0,"139":0,"140":0,"141":0,"142":0,"143":0,"144":0,"146":0,"147":0,"149":0,"154":9,"158":1,"162":0,"166":2,"170":0,"174":0,"178":0,"182":0,"186":9},"path":"/Users/edgargutierrez/hh-fcc/hardhat-smartcontract-lottery-fcc/contracts/Raffle.sol","s":{"1":8,"2":7,"3":6,"4":6,"5":6,"6":6,"7":6,"8":6,"9":2,"10":2,"11":2,"12":2,"13":0,"14":0,"15":0,"16":0,"17":0,"18":9,"19":1,"20":0,"21":2,"22":0,"23":0,"24":0,"25":0,"26":9},"b":{"1":[1,7],"2":[1,6],"3":[0,2],"4":[0,0]},"f":{"1":3,"2":8,"3":6,"4":2,"5":0,"6":9,"7":1,"8":0,"9":2,"10":0,"11":0,"12":0,"13":0,"14":9},"fnMap":{"1":{"name":"constructor","line":65,"loc":{"start":{"line":58,"column":4},"end":{"line":74,"column":4}}},"2":{"name":"enterRaffle","line":76,"loc":{"start":{"line":76,"column":4},"end":{"line":87,"column":4}}},"3":{"name":"checkUpkeep","line":100,"loc":{"start":{"line":100,"column":4},"end":{"line":109,"column":4}}},"4":{"name":"performUpkeep","line":111,"loc":{"start":{"line":111,"column":4},"end":{"line":132,"column":4}}},"5":{"name":"fulfillRandomWords","line":134,"loc":{"start":{"line":134,"column":4},"end":{"line":150,"column":4}}},"6":{"name":"getEntranceFee","line":153,"loc":{"start":{"line":153,"column":4},"end":{"line":155,"column":4}}},"7":{"name":"getPlayer","line":157,"loc":{"start":{"line":157,"column":4},"end":{"line":159,"column":4}}},"8":{"name":"getRecentWinner","line":161,"loc":{"start":{"line":161,"column":4},"end":{"line":163,"column":4}}},"9":{"name":"getRaffleState","line":165,"loc":{"start":{"line":165,"column":4},"end":{"line":167,"column":4}}},"10":{"name":"getNumWords","line":169,"loc":{"start":{"line":169,"column":4},"end":{"line":171,"column":4}}},"11":{"name":"getNumberOfPlayers","line":173,"loc":{"start":{"line":173,"column":4},"end":{"line":175,"column":4}}},"12":{"name":"getLatestTimeStamp","line":177,"loc":{"start":{"line":177,"column":4},"end":{"line":179,"column":4}}},"13":{"name":"getRequestConfirmations","line":181,"loc":{"start":{"line":181,"column":4},"end":{"line":183,"column":4}}},"14":{"name":"getInterval","line":185,"loc":{"start":{"line":185,"column":4},"end":{"line":187,"column":4}}}},"statementMap":{"1":{"start":{"line":78,"column":8},"end":{"line":78,"column":2694}},"2":{"start":{"line":81,"column":8},"end":{"line":81,"column":2795}},"3":{"start":{"line":84,"column":8},"end":{"line":84,"column":42}},"4":{"start":{"line":86,"column":8},"end":{"line":86,"column":36}},"5":{"start":{"line":103,"column":8},"end":{"line":103,"column":57}},"6":{"start":{"line":104,"column":8},"end":{"line":104,"column":76}},"7":{"start":{"line":105,"column":8},"end":{"line":105,"column":48}},"8":{"start":{"line":106,"column":8},"end":{"line":106,"column":51}},"9":{"start":{"line":115,"column":8},"end":{"line":115,"column":47}},"10":{"start":{"line":116,"column":8},"end":{"line":116,"column":4359}},"11":{"start":{"line":124,"column":8},"end":{"line":124,"column":4619}},"12":{"start":{"line":131,"column":8},"end":{"line":131,"column":45}},"13":{"start":{"line":138,"column":8},"end":{"line":138,"column":65}},"14":{"start":{"line":139,"column":8},"end":{"line":139,"column":63}},"15":{"start":{"line":144,"column":8},"end":{"line":144,"column":78}},"16":{"start":{"line":146,"column":8},"end":{"line":146,"column":5429}},"17":{"start":{"line":149,"column":8},"end":{"line":149,"column":39}},"18":{"start":{"line":154,"column":8},"end":{"line":154,"column":28}},"19":{"start":{"line":158,"column":8},"end":{"line":158,"column":31}},"20":{"start":{"line":162,"column":8},"end":{"line":162,"column":29}},"21":{"start":{"line":166,"column":8},"end":{"line":166,"column":28}},"22":{"start":{"line":170,"column":8},"end":{"line":170,"column":24}},"23":{"start":{"line":174,"column":8},"end":{"line":174,"column":31}},"24":{"start":{"line":178,"column":8},"end":{"line":178,"column":30}},"25":{"start":{"line":182,"column":8},"end":{"line":182,"column":36}},"26":{"start":{"line":186,"column":8},"end":{"line":186,"column":25}}},"branchMap":{"1":{"line":78,"type":"if","locations":[{"start":{"line":78,"column":8},"end":{"line":78,"column":8}},{"start":{"line":78,"column":8},"end":{"line":78,"column":8}}]},"2":{"line":81,"type":"if","locations":[{"start":{"line":81,"column":8},"end":{"line":81,"column":8}},{"start":{"line":81,"column":8},"end":{"line":81,"column":8}}]},"3":{"line":116,"type":"if","locations":[{"start":{"line":116,"column":8},"end":{"line":116,"column":8}},{"start":{"line":116,"column":8},"end":{"line":116,"column":8}}]},"4":{"line":146,"type":"if","locations":[{"start":{"line":146,"column":8},"end":{"line":146,"column":8}},{"start":{"line":146,"column":8},"end":{"line":146,"column":8}}]}}},"contracts/test/VRFCoordinatorV2Mock.sol":{"l":{},"path":"/Users/edgargutierrez/hh-fcc/hardhat-smartcontract-lottery-fcc/contracts/test/VRFCoordinatorV2Mock.sol","s":{},"b":{},"f":{},"fnMap":{},"statementMap":{},"branchMap":{}}}